<?xml version="1.0" encoding="UTF-8"?>
<robot generator="Robot 4.1.3 (Python 3.10.1 on win32)" generated="20221119 01:22:19.895" rpa="false" schemaversion="2">
<suite id="s1" name="Pi3 Testes" source="C:\Users\rachi\Documents\Rachid\Estudos\Projeto_Integrador_3\teste-integrador-3\pi3_testes.robot">
<test id="s1-t1" name="Caso de Teste 01 - Verificar a existencia do menu superior na página.">
<kw name="Abrir o navegador" library="pi3_resources" type="SETUP">
<kw name="Open Browser" library="SeleniumLibrary">
<arg>browser=chrome</arg>
<doc>Opens a new browser instance to the optional ``url``.</doc>
<msg timestamp="20221119 01:22:23.672" level="INFO">Opening browser 'chrome' to base url 'None'.</msg>
<status status="PASS" starttime="20221119 01:22:23.672" endtime="20221119 01:22:33.240"/>
</kw>
<kw name="Maximize Browser Window" library="SeleniumLibrary">
<doc>Maximizes current browser window.</doc>
<status status="PASS" starttime="20221119 01:22:33.240" endtime="20221119 01:22:33.620"/>
</kw>
<status status="PASS" starttime="20221119 01:22:23.670" endtime="20221119 01:22:33.621"/>
</kw>
<kw name="Acessar a home page do site Fernanda Carrijo Designer" library="pi3_resources">
<kw name="Go To" library="SeleniumLibrary">
<arg>url=${URL}</arg>
<doc>Navigates the current browser window to the provided ``url``.</doc>
<msg timestamp="20221119 01:22:33.722" level="INFO">Opening url 'https://fernanda-carrijo-designer-stg.herokuapp.com/'</msg>
<status status="PASS" starttime="20221119 01:22:33.720" endtime="20221119 01:22:37.902"/>
</kw>
<kw name="Wait Until Element Is Visible" library="SeleniumLibrary">
<arg>locator=${MENU}</arg>
<doc>Waits until the element ``locator`` is visible.</doc>
<status status="PASS" starttime="20221119 01:22:37.902" endtime="20221119 01:22:38.454"/>
</kw>
<status status="PASS" starttime="20221119 01:22:33.718" endtime="20221119 01:22:38.454"/>
</kw>
<kw name="Verificar se carregou o menu superior" library="pi3_resources">
<kw name="Wait Until Element Is Visible" library="SeleniumLibrary">
<arg>locator=${MENU}</arg>
<doc>Waits until the element ``locator`` is visible.</doc>
<status status="PASS" starttime="20221119 01:22:38.468" endtime="20221119 01:22:38.607"/>
</kw>
<kw name="Capture Element Screenshot" library="SeleniumLibrary">
<arg>locator=//nav[contains(@class,'navbar navbar-expand-md navbar-dark navbar-custom fixed-top')]</arg>
<doc>Captures a screenshot from the element identified by ``locator`` and embeds it into log file.</doc>
<msg timestamp="20221119 01:22:38.922" level="INFO" html="true">&lt;/td&gt;&lt;/tr&gt;&lt;tr&gt;&lt;td colspan="3"&gt;&lt;a href="selenium-element-screenshot-1.png"&gt;&lt;img src="selenium-element-screenshot-1.png" width="400px"&gt;&lt;/a&gt;</msg>
<status status="PASS" starttime="20221119 01:22:38.608" endtime="20221119 01:22:38.923"/>
</kw>
<status status="PASS" starttime="20221119 01:22:38.467" endtime="20221119 01:22:38.923"/>
</kw>
<kw name="Fechar o navegador" library="pi3_resources" type="TEARDOWN">
<kw name="Capture Page Screenshot" library="SeleniumLibrary">
<doc>Takes a screenshot of the current page and embeds it into a log file.</doc>
<msg timestamp="20221119 01:22:39.516" level="INFO" html="true">&lt;/td&gt;&lt;/tr&gt;&lt;tr&gt;&lt;td colspan="3"&gt;&lt;a href="selenium-screenshot-1.png"&gt;&lt;img src="selenium-screenshot-1.png" width="800px"&gt;&lt;/a&gt;</msg>
<status status="PASS" starttime="20221119 01:22:38.962" endtime="20221119 01:22:39.516"/>
</kw>
<kw name="Close Browser" library="SeleniumLibrary">
<doc>Closes the current browser.</doc>
<status status="PASS" starttime="20221119 01:22:39.517" endtime="20221119 01:22:47.714"/>
</kw>
<status status="PASS" starttime="20221119 01:22:38.960" endtime="20221119 01:22:47.714"/>
</kw>
<doc>Esse teste verfica o menu superior da home</doc>
<tag>menus pagina</tag>
<status status="PASS" starttime="20221119 01:22:23.654" endtime="20221119 01:22:47.714"/>
</test>
<test id="s1-t2" name="Caso de Teste 02 - Acessar a Home no menu.">
<kw name="Abrir o navegador" library="pi3_resources" type="SETUP">
<kw name="Open Browser" library="SeleniumLibrary">
<arg>browser=chrome</arg>
<doc>Opens a new browser instance to the optional ``url``.</doc>
<msg timestamp="20221119 01:22:47.722" level="INFO">Opening browser 'chrome' to base url 'None'.</msg>
<status status="PASS" starttime="20221119 01:22:47.721" endtime="20221119 01:22:56.749"/>
</kw>
<kw name="Maximize Browser Window" library="SeleniumLibrary">
<doc>Maximizes current browser window.</doc>
<status status="PASS" starttime="20221119 01:22:56.750" endtime="20221119 01:22:57.110"/>
</kw>
<status status="PASS" starttime="20221119 01:22:47.720" endtime="20221119 01:22:57.110"/>
</kw>
<kw name="Acessar a home page do site Fernanda Carrijo Designer" library="pi3_resources">
<kw name="Go To" library="SeleniumLibrary">
<arg>url=${URL}</arg>
<doc>Navigates the current browser window to the provided ``url``.</doc>
<msg timestamp="20221119 01:22:57.151" level="INFO">Opening url 'https://fernanda-carrijo-designer-stg.herokuapp.com/'</msg>
<status status="PASS" starttime="20221119 01:22:57.150" endtime="20221119 01:23:01.224"/>
</kw>
<kw name="Wait Until Element Is Visible" library="SeleniumLibrary">
<arg>locator=${MENU}</arg>
<doc>Waits until the element ``locator`` is visible.</doc>
<status status="PASS" starttime="20221119 01:23:01.225" endtime="20221119 01:23:01.359"/>
</kw>
<status status="PASS" starttime="20221119 01:22:57.141" endtime="20221119 01:23:01.359"/>
</kw>
<kw name="Clicar no botão home do menu" library="pi3_resources">
<kw name="Click Element" library="SeleniumLibrary">
<arg>locator=//a[@class='nav-link page-scroll'][contains(.,'Home (current)')]</arg>
<doc>Click the element identified by ``locator``.</doc>
<msg timestamp="20221119 01:23:01.378" level="INFO">Clicking element '//a[@class='nav-link page-scroll'][contains(.,'Home (current)')]'.</msg>
<status status="PASS" starttime="20221119 01:23:01.377" endtime="20221119 01:23:02.820"/>
</kw>
<status status="PASS" starttime="20221119 01:23:01.373" endtime="20221119 01:23:02.822"/>
</kw>
<kw name="Fechar o navegador" library="pi3_resources" type="TEARDOWN">
<kw name="Capture Page Screenshot" library="SeleniumLibrary">
<doc>Takes a screenshot of the current page and embeds it into a log file.</doc>
<msg timestamp="20221119 01:23:04.025" level="INFO" html="true">&lt;/td&gt;&lt;/tr&gt;&lt;tr&gt;&lt;td colspan="3"&gt;&lt;a href="selenium-screenshot-2.png"&gt;&lt;img src="selenium-screenshot-2.png" width="800px"&gt;&lt;/a&gt;</msg>
<status status="PASS" starttime="20221119 01:23:02.841" endtime="20221119 01:23:04.025"/>
</kw>
<kw name="Close Browser" library="SeleniumLibrary">
<doc>Closes the current browser.</doc>
<status status="PASS" starttime="20221119 01:23:04.026" endtime="20221119 01:23:10.184"/>
</kw>
<status status="PASS" starttime="20221119 01:23:02.840" endtime="20221119 01:23:10.184"/>
</kw>
<doc>Esse teste verfica o acesso a Home do Menu</doc>
<tag>acessar_home Botoes</tag>
<status status="PASS" starttime="20221119 01:22:47.718" endtime="20221119 01:23:10.200"/>
</test>
<test id="s1-t3" name="Caso de Teste 03 - Acessar o Contato no menu.">
<kw name="Abrir o navegador" library="pi3_resources" type="SETUP">
<kw name="Open Browser" library="SeleniumLibrary">
<arg>browser=chrome</arg>
<doc>Opens a new browser instance to the optional ``url``.</doc>
<msg timestamp="20221119 01:23:10.297" level="INFO">Opening browser 'chrome' to base url 'None'.</msg>
<status status="PASS" starttime="20221119 01:23:10.296" endtime="20221119 01:23:17.742"/>
</kw>
<kw name="Maximize Browser Window" library="SeleniumLibrary">
<doc>Maximizes current browser window.</doc>
<status status="PASS" starttime="20221119 01:23:17.742" endtime="20221119 01:23:17.989"/>
</kw>
<status status="PASS" starttime="20221119 01:23:10.292" endtime="20221119 01:23:17.989"/>
</kw>
<kw name="Acessar a home page do site Fernanda Carrijo Designer" library="pi3_resources">
<kw name="Go To" library="SeleniumLibrary">
<arg>url=${URL}</arg>
<doc>Navigates the current browser window to the provided ``url``.</doc>
<msg timestamp="20221119 01:23:17.996" level="INFO">Opening url 'https://fernanda-carrijo-designer-stg.herokuapp.com/'</msg>
<status status="PASS" starttime="20221119 01:23:17.993" endtime="20221119 01:23:21.878"/>
</kw>
<kw name="Wait Until Element Is Visible" library="SeleniumLibrary">
<arg>locator=${MENU}</arg>
<doc>Waits until the element ``locator`` is visible.</doc>
<status status="PASS" starttime="20221119 01:23:21.879" endtime="20221119 01:23:22.068"/>
</kw>
<status status="PASS" starttime="20221119 01:23:17.992" endtime="20221119 01:23:22.068"/>
</kw>
<kw name="Clicar no botão Contato do menu" library="pi3_resources">
<kw name="Click Element" library="SeleniumLibrary">
<arg>locator=${CONTATO}</arg>
<doc>Click the element identified by ``locator``.</doc>
<msg timestamp="20221119 01:23:22.106" level="INFO">Clicking element '//a[@href='/contato']'.</msg>
<status status="PASS" starttime="20221119 01:23:22.104" endtime="20221119 01:23:23.123"/>
</kw>
<kw name="Wait Until Element Is Visible" library="SeleniumLibrary">
<arg>locator=//h2[contains(.,'Contato')]</arg>
<doc>Waits until the element ``locator`` is visible.</doc>
<status status="PASS" starttime="20221119 01:23:23.123" endtime="20221119 01:23:23.261"/>
</kw>
<status status="PASS" starttime="20221119 01:23:22.103" endtime="20221119 01:23:23.262"/>
</kw>
<kw name="Digitar o nome de contato &quot;Luis Inacio da Silva&quot; no campo de contato" library="pi3_resources" sourcename="Digitar o nome de contato &quot;${NomeContato}&quot; no campo de contato">
<kw name="Input Text" library="SeleniumLibrary">
<arg>locator=nomeid2</arg>
<arg>text=${NomeContato}</arg>
<doc>Types the given ``text`` into the text field identified by ``locator``.</doc>
<msg timestamp="20221119 01:23:23.269" level="INFO">Typing text 'Luis Inacio da Silva' into text field 'nomeid2'.</msg>
<status status="PASS" starttime="20221119 01:23:23.267" endtime="20221119 01:23:23.797"/>
</kw>
<status status="PASS" starttime="20221119 01:23:23.266" endtime="20221119 01:23:23.797"/>
</kw>
<kw name="Digitar o número de telefone &quot;13 91313-1313&quot; no campo de Telefone" library="pi3_resources" sourcename="Digitar o número de telefone &quot;${Telefone}&quot; no campo de telefone">
<kw name="Input Text" library="SeleniumLibrary">
<arg>locator=telefoneid2</arg>
<arg>text=${Telefone}</arg>
<doc>Types the given ``text`` into the text field identified by ``locator``.</doc>
<msg timestamp="20221119 01:23:23.807" level="INFO">Typing text '13 91313-1313' into text field 'telefoneid2'.</msg>
<status status="PASS" starttime="20221119 01:23:23.806" endtime="20221119 01:23:24.277"/>
</kw>
<status status="PASS" starttime="20221119 01:23:23.804" endtime="20221119 01:23:24.279"/>
</kw>
<kw name="Digitar uma mensagem &quot;Gostaria de um orçamento para campanha eleitoral 2022&quot; no campo mensagem" library="pi3_resources" sourcename="Digitar uma mensagem ${Mensagem} no campo mensagem">
<kw name="Input Text" library="SeleniumLibrary">
<arg>locator=mensagemid2</arg>
<arg>text=${Mensagem}</arg>
<doc>Types the given ``text`` into the text field identified by ``locator``.</doc>
<msg timestamp="20221119 01:23:24.284" level="INFO">Typing text '"Gostaria de um orçamento para campanha eleitoral 2022"' into text field 'mensagemid2'.</msg>
<status status="PASS" starttime="20221119 01:23:24.283" endtime="20221119 01:23:25.120"/>
</kw>
<kw name="Capture Element Screenshot" library="SeleniumLibrary">
<arg>locator=//div[contains(@class,'col-lg-6')]</arg>
<doc>Captures a screenshot from the element identified by ``locator`` and embeds it into log file.</doc>
<msg timestamp="20221119 01:23:25.607" level="INFO" html="true">&lt;/td&gt;&lt;/tr&gt;&lt;tr&gt;&lt;td colspan="3"&gt;&lt;a href="selenium-element-screenshot-2.png"&gt;&lt;img src="selenium-element-screenshot-2.png" width="400px"&gt;&lt;/a&gt;</msg>
<status status="PASS" starttime="20221119 01:23:25.120" endtime="20221119 01:23:25.607"/>
</kw>
<status status="PASS" starttime="20221119 01:23:24.282" endtime="20221119 01:23:25.608"/>
</kw>
<kw name="Fechar o navegador" library="pi3_resources" type="TEARDOWN">
<kw name="Capture Page Screenshot" library="SeleniumLibrary">
<doc>Takes a screenshot of the current page and embeds it into a log file.</doc>
<msg timestamp="20221119 01:23:25.990" level="INFO" html="true">&lt;/td&gt;&lt;/tr&gt;&lt;tr&gt;&lt;td colspan="3"&gt;&lt;a href="selenium-screenshot-3.png"&gt;&lt;img src="selenium-screenshot-3.png" width="800px"&gt;&lt;/a&gt;</msg>
<status status="PASS" starttime="20221119 01:23:25.703" endtime="20221119 01:23:25.990"/>
</kw>
<kw name="Close Browser" library="SeleniumLibrary">
<doc>Closes the current browser.</doc>
<status status="PASS" starttime="20221119 01:23:25.990" endtime="20221119 01:23:33.265"/>
</kw>
<status status="PASS" starttime="20221119 01:23:25.699" endtime="20221119 01:23:33.265"/>
</kw>
<doc>Esse teste verfica o acesso a Contato do Menu</doc>
<tag>acessar_menu Botoes</tag>
<status status="PASS" starttime="20221119 01:23:10.289" endtime="20221119 01:23:33.280"/>
</test>
<test id="s1-t4" name="Caso de Teste 04 - Acessar o Blog no menu.">
<kw name="Abrir o navegador" library="pi3_resources" type="SETUP">
<kw name="Open Browser" library="SeleniumLibrary">
<arg>browser=chrome</arg>
<doc>Opens a new browser instance to the optional ``url``.</doc>
<msg timestamp="20221119 01:23:33.399" level="INFO">Opening browser 'chrome' to base url 'None'.</msg>
<status status="PASS" starttime="20221119 01:23:33.399" endtime="20221119 01:23:41.672"/>
</kw>
<kw name="Maximize Browser Window" library="SeleniumLibrary">
<doc>Maximizes current browser window.</doc>
<status status="PASS" starttime="20221119 01:23:41.673" endtime="20221119 01:23:42.019"/>
</kw>
<status status="PASS" starttime="20221119 01:23:33.398" endtime="20221119 01:23:42.019"/>
</kw>
<kw name="Acessar a home page do site Fernanda Carrijo Designer" library="pi3_resources">
<kw name="Go To" library="SeleniumLibrary">
<arg>url=${URL}</arg>
<doc>Navigates the current browser window to the provided ``url``.</doc>
<msg timestamp="20221119 01:23:42.131" level="INFO">Opening url 'https://fernanda-carrijo-designer-stg.herokuapp.com/'</msg>
<status status="PASS" starttime="20221119 01:23:42.129" endtime="20221119 01:23:46.069"/>
</kw>
<kw name="Wait Until Element Is Visible" library="SeleniumLibrary">
<arg>locator=${MENU}</arg>
<doc>Waits until the element ``locator`` is visible.</doc>
<status status="PASS" starttime="20221119 01:23:46.072" endtime="20221119 01:23:46.297"/>
</kw>
<status status="PASS" starttime="20221119 01:23:42.125" endtime="20221119 01:23:46.297"/>
</kw>
<kw name="Clicar no botão Blog do menu" library="pi3_resources">
<kw name="Click Element" library="SeleniumLibrary">
<arg>locator=${Blog}</arg>
<doc>Click the element identified by ``locator``.</doc>
<msg timestamp="20221119 01:23:46.302" level="INFO">Clicking element '//a[@href='/blogs']'.</msg>
<status status="PASS" starttime="20221119 01:23:46.300" endtime="20221119 01:23:49.506"/>
</kw>
<kw name="Wait Until Element Is Visible" library="SeleniumLibrary">
<arg>locator=//h4[contains(.,'MUNDO DO DESIGN')]</arg>
<doc>Waits until the element ``locator`` is visible.</doc>
<status status="PASS" starttime="20221119 01:23:49.506" endtime="20221119 01:23:49.584"/>
</kw>
<status status="PASS" starttime="20221119 01:23:46.299" endtime="20221119 01:23:49.584"/>
</kw>
<kw name="Fechar o navegador" library="pi3_resources" type="TEARDOWN">
<kw name="Capture Page Screenshot" library="SeleniumLibrary">
<doc>Takes a screenshot of the current page and embeds it into a log file.</doc>
<msg timestamp="20221119 01:23:49.954" level="INFO" html="true">&lt;/td&gt;&lt;/tr&gt;&lt;tr&gt;&lt;td colspan="3"&gt;&lt;a href="selenium-screenshot-4.png"&gt;&lt;img src="selenium-screenshot-4.png" width="800px"&gt;&lt;/a&gt;</msg>
<status status="PASS" starttime="20221119 01:23:49.599" endtime="20221119 01:23:49.954"/>
</kw>
<kw name="Close Browser" library="SeleniumLibrary">
<doc>Closes the current browser.</doc>
<status status="PASS" starttime="20221119 01:23:49.969" endtime="20221119 01:23:56.378"/>
</kw>
<status status="PASS" starttime="20221119 01:23:49.584" endtime="20221119 01:23:56.378"/>
</kw>
<doc>Esse teste verfica o acesso a Blog do Menu</doc>
<tag>acessar_blog Botoes</tag>
<status status="PASS" starttime="20221119 01:23:33.389" endtime="20221119 01:23:56.378"/>
</test>
<test id="s1-t5" name="Caso de Teste 05 - Acessar o Portfólio no menu.">
<kw name="Abrir o navegador" library="pi3_resources" type="SETUP">
<kw name="Open Browser" library="SeleniumLibrary">
<arg>browser=chrome</arg>
<doc>Opens a new browser instance to the optional ``url``.</doc>
<msg timestamp="20221119 01:23:56.397" level="INFO">Opening browser 'chrome' to base url 'None'.</msg>
<status status="PASS" starttime="20221119 01:23:56.395" endtime="20221119 01:24:03.869"/>
</kw>
<kw name="Maximize Browser Window" library="SeleniumLibrary">
<doc>Maximizes current browser window.</doc>
<status status="PASS" starttime="20221119 01:24:03.870" endtime="20221119 01:24:04.085"/>
</kw>
<status status="PASS" starttime="20221119 01:23:56.394" endtime="20221119 01:24:04.085"/>
</kw>
<kw name="Acessar a home page do site Fernanda Carrijo Designer" library="pi3_resources">
<kw name="Go To" library="SeleniumLibrary">
<arg>url=${URL}</arg>
<doc>Navigates the current browser window to the provided ``url``.</doc>
<msg timestamp="20221119 01:24:04.100" level="INFO">Opening url 'https://fernanda-carrijo-designer-stg.herokuapp.com/'</msg>
<status status="PASS" starttime="20221119 01:24:04.099" endtime="20221119 01:24:07.943"/>
</kw>
<kw name="Wait Until Element Is Visible" library="SeleniumLibrary">
<arg>locator=${MENU}</arg>
<doc>Waits until the element ``locator`` is visible.</doc>
<status status="PASS" starttime="20221119 01:24:07.944" endtime="20221119 01:24:08.079"/>
</kw>
<status status="PASS" starttime="20221119 01:24:04.085" endtime="20221119 01:24:08.080"/>
</kw>
<kw name="Clicar no botão Portfólio do menu" library="pi3_resources">
<kw name="Click Element" library="SeleniumLibrary">
<arg>locator=${Portifolio}</arg>
<doc>Click the element identified by ``locator``.</doc>
<msg timestamp="20221119 01:24:08.083" level="INFO">Clicking element '//a[@href='/portifolios']'.</msg>
<status status="PASS" starttime="20221119 01:24:08.082" endtime="20221119 01:24:09.623"/>
</kw>
<kw name="Wait Until Element Is Visible" library="SeleniumLibrary">
<arg>locator=//h2[@class='h2-heading'][contains(.,'Portfólio - Categorias')]</arg>
<doc>Waits until the element ``locator`` is visible.</doc>
<status status="PASS" starttime="20221119 01:24:09.624" endtime="20221119 01:24:09.705"/>
</kw>
<kw name="Click Element" library="SeleniumLibrary">
<arg>locator=(//span[contains(.,'Identidade Visual')])[2]</arg>
<doc>Click the element identified by ``locator``.</doc>
<msg timestamp="20221119 01:24:09.705" level="INFO">Clicking element '(//span[contains(.,'Identidade Visual')])[2]'.</msg>
<status status="PASS" starttime="20221119 01:24:09.705" endtime="20221119 01:24:11.652"/>
</kw>
<kw name="Capture Element Screenshot" library="SeleniumLibrary">
<arg>locator=//div[@class='element-item-overlay'][contains(.,'Farm2Farm')]</arg>
<doc>Captures a screenshot from the element identified by ``locator`` and embeds it into log file.</doc>
<msg timestamp="20221119 01:24:11.877" level="INFO" html="true">&lt;/td&gt;&lt;/tr&gt;&lt;tr&gt;&lt;td colspan="3"&gt;&lt;a href="selenium-element-screenshot-3.png"&gt;&lt;img src="selenium-element-screenshot-3.png" width="400px"&gt;&lt;/a&gt;</msg>
<status status="PASS" starttime="20221119 01:24:11.652" endtime="20221119 01:24:11.877"/>
</kw>
<kw name="Capture Element Screenshot" library="SeleniumLibrary">
<arg>locator=//div[@class='element-item-overlay'][contains(.,'La Reina Makeup')]</arg>
<doc>Captures a screenshot from the element identified by ``locator`` and embeds it into log file.</doc>
<msg timestamp="20221119 01:24:12.192" level="INFO" html="true">&lt;/td&gt;&lt;/tr&gt;&lt;tr&gt;&lt;td colspan="3"&gt;&lt;a href="selenium-element-screenshot-4.png"&gt;&lt;img src="selenium-element-screenshot-4.png" width="400px"&gt;&lt;/a&gt;</msg>
<status status="PASS" starttime="20221119 01:24:11.878" endtime="20221119 01:24:12.192"/>
</kw>
<kw name="Capture Element Screenshot" library="SeleniumLibrary">
<arg>locator=//div[@class='element-item-overlay'][contains(.,'Élle')]</arg>
<doc>Captures a screenshot from the element identified by ``locator`` and embeds it into log file.</doc>
<msg timestamp="20221119 01:24:12.475" level="INFO" html="true">&lt;/td&gt;&lt;/tr&gt;&lt;tr&gt;&lt;td colspan="3"&gt;&lt;a href="selenium-element-screenshot-5.png"&gt;&lt;img src="selenium-element-screenshot-5.png" width="400px"&gt;&lt;/a&gt;</msg>
<status status="PASS" starttime="20221119 01:24:12.192" endtime="20221119 01:24:12.476"/>
</kw>
<kw name="Capture Element Screenshot" library="SeleniumLibrary">
<arg>locator=//div[@class='element-item-overlay'][contains(.,'Textualizando')]</arg>
<doc>Captures a screenshot from the element identified by ``locator`` and embeds it into log file.</doc>
<msg timestamp="20221119 01:24:12.735" level="INFO" html="true">&lt;/td&gt;&lt;/tr&gt;&lt;tr&gt;&lt;td colspan="3"&gt;&lt;a href="selenium-element-screenshot-6.png"&gt;&lt;img src="selenium-element-screenshot-6.png" width="400px"&gt;&lt;/a&gt;</msg>
<status status="PASS" starttime="20221119 01:24:12.477" endtime="20221119 01:24:12.736"/>
</kw>
<status status="PASS" starttime="20221119 01:24:08.081" endtime="20221119 01:24:12.736"/>
</kw>
<kw name="Fechar o navegador" library="pi3_resources" type="TEARDOWN">
<kw name="Capture Page Screenshot" library="SeleniumLibrary">
<doc>Takes a screenshot of the current page and embeds it into a log file.</doc>
<msg timestamp="20221119 01:24:13.405" level="INFO" html="true">&lt;/td&gt;&lt;/tr&gt;&lt;tr&gt;&lt;td colspan="3"&gt;&lt;a href="selenium-screenshot-5.png"&gt;&lt;img src="selenium-screenshot-5.png" width="800px"&gt;&lt;/a&gt;</msg>
<status status="PASS" starttime="20221119 01:24:12.794" endtime="20221119 01:24:13.405"/>
</kw>
<kw name="Close Browser" library="SeleniumLibrary">
<doc>Closes the current browser.</doc>
<status status="PASS" starttime="20221119 01:24:13.406" endtime="20221119 01:24:19.061"/>
</kw>
<status status="PASS" starttime="20221119 01:24:12.793" endtime="20221119 01:24:19.061"/>
</kw>
<doc>Esse teste verfica o acesso a Blog do Menu</doc>
<tag>acessar_portfolio Botoes</tag>
<status status="PASS" starttime="20221119 01:23:56.392" endtime="20221119 01:24:19.061"/>
</test>
<test id="s1-t6" name="Caso de Teste 06 - Verificar a existencia do Botoes das redes sociais no menu.">
<kw name="Abrir o navegador" library="pi3_resources" type="SETUP">
<kw name="Open Browser" library="SeleniumLibrary">
<arg>browser=chrome</arg>
<doc>Opens a new browser instance to the optional ``url``.</doc>
<msg timestamp="20221119 01:24:19.072" level="INFO">Opening browser 'chrome' to base url 'None'.</msg>
<status status="PASS" starttime="20221119 01:24:19.070" endtime="20221119 01:24:26.214"/>
</kw>
<kw name="Maximize Browser Window" library="SeleniumLibrary">
<doc>Maximizes current browser window.</doc>
<status status="PASS" starttime="20221119 01:24:26.215" endtime="20221119 01:24:26.404"/>
</kw>
<status status="PASS" starttime="20221119 01:24:19.069" endtime="20221119 01:24:26.408"/>
</kw>
<kw name="Acessar a home page do site Fernanda Carrijo Designer" library="pi3_resources">
<kw name="Go To" library="SeleniumLibrary">
<arg>url=${URL}</arg>
<doc>Navigates the current browser window to the provided ``url``.</doc>
<msg timestamp="20221119 01:24:26.433" level="INFO">Opening url 'https://fernanda-carrijo-designer-stg.herokuapp.com/'</msg>
<status status="PASS" starttime="20221119 01:24:26.431" endtime="20221119 01:24:30.910"/>
</kw>
<kw name="Wait Until Element Is Visible" library="SeleniumLibrary">
<arg>locator=${MENU}</arg>
<doc>Waits until the element ``locator`` is visible.</doc>
<status status="PASS" starttime="20221119 01:24:30.911" endtime="20221119 01:24:31.057"/>
</kw>
<status status="PASS" starttime="20221119 01:24:26.430" endtime="20221119 01:24:31.058"/>
</kw>
<kw name="Verificar se carregou opçoes de redes sociais" library="pi3_resources">
<kw name="Wait Until Element Is Visible" library="SeleniumLibrary">
<arg>locator=(//i[contains(@class,'fab fa-instagram fa-stack-1x')])[1]</arg>
<doc>Waits until the element ``locator`` is visible.</doc>
<status status="PASS" starttime="20221119 01:24:31.072" endtime="20221119 01:24:31.169"/>
</kw>
<kw name="Wait Until Element Is Visible" library="SeleniumLibrary">
<arg>locator=(//i[contains(@class,'fab fa-linkedin-in fa-stack-1x')])[1]</arg>
<doc>Waits until the element ``locator`` is visible.</doc>
<status status="PASS" starttime="20221119 01:24:31.169" endtime="20221119 01:24:31.234"/>
</kw>
<kw name="Capture Element Screenshot" library="SeleniumLibrary">
<arg>locator=//span[contains(@class,'nav-item social-icons')]</arg>
<doc>Captures a screenshot from the element identified by ``locator`` and embeds it into log file.</doc>
<msg timestamp="20221119 01:24:31.516" level="INFO" html="true">&lt;/td&gt;&lt;/tr&gt;&lt;tr&gt;&lt;td colspan="3"&gt;&lt;a href="selenium-element-screenshot-7.png"&gt;&lt;img src="selenium-element-screenshot-7.png" width="400px"&gt;&lt;/a&gt;</msg>
<status status="PASS" starttime="20221119 01:24:31.235" endtime="20221119 01:24:31.517"/>
</kw>
<status status="PASS" starttime="20221119 01:24:31.069" endtime="20221119 01:24:31.517"/>
</kw>
<kw name="Fechar o navegador" library="pi3_resources" type="TEARDOWN">
<kw name="Capture Page Screenshot" library="SeleniumLibrary">
<doc>Takes a screenshot of the current page and embeds it into a log file.</doc>
<msg timestamp="20221119 01:24:32.429" level="INFO" html="true">&lt;/td&gt;&lt;/tr&gt;&lt;tr&gt;&lt;td colspan="3"&gt;&lt;a href="selenium-screenshot-6.png"&gt;&lt;img src="selenium-screenshot-6.png" width="800px"&gt;&lt;/a&gt;</msg>
<status status="PASS" starttime="20221119 01:24:31.566" endtime="20221119 01:24:32.430"/>
</kw>
<kw name="Close Browser" library="SeleniumLibrary">
<doc>Closes the current browser.</doc>
<status status="PASS" starttime="20221119 01:24:32.430" endtime="20221119 01:24:38.679"/>
</kw>
<status status="PASS" starttime="20221119 01:24:31.563" endtime="20221119 01:24:38.679"/>
</kw>
<doc>Esse teste verfica os botões das redes sociais</doc>
<tag>acessar_botoes Botoes</tag>
<status status="PASS" starttime="20221119 01:24:19.067" endtime="20221119 01:24:38.707"/>
</test>
<test id="s1-t7" name="Caso de Teste 07 - Acessar as redes sociais (Instagram).">
<kw name="Abrir o navegador" library="pi3_resources" type="SETUP">
<kw name="Open Browser" library="SeleniumLibrary">
<arg>browser=chrome</arg>
<doc>Opens a new browser instance to the optional ``url``.</doc>
<msg timestamp="20221119 01:24:38.740" level="INFO">Opening browser 'chrome' to base url 'None'.</msg>
<status status="PASS" starttime="20221119 01:24:38.739" endtime="20221119 01:24:47.225"/>
</kw>
<kw name="Maximize Browser Window" library="SeleniumLibrary">
<doc>Maximizes current browser window.</doc>
<status status="PASS" starttime="20221119 01:24:47.225" endtime="20221119 01:24:47.454"/>
</kw>
<status status="PASS" starttime="20221119 01:24:38.737" endtime="20221119 01:24:47.470"/>
</kw>
<kw name="Acessar a home page do site Fernanda Carrijo Designer" library="pi3_resources">
<kw name="Go To" library="SeleniumLibrary">
<arg>url=${URL}</arg>
<doc>Navigates the current browser window to the provided ``url``.</doc>
<msg timestamp="20221119 01:24:47.507" level="INFO">Opening url 'https://fernanda-carrijo-designer-stg.herokuapp.com/'</msg>
<status status="PASS" starttime="20221119 01:24:47.504" endtime="20221119 01:24:53.823"/>
</kw>
<kw name="Wait Until Element Is Visible" library="SeleniumLibrary">
<arg>locator=${MENU}</arg>
<doc>Waits until the element ``locator`` is visible.</doc>
<status status="PASS" starttime="20221119 01:24:53.824" endtime="20221119 01:24:53.962"/>
</kw>
<status status="PASS" starttime="20221119 01:24:47.504" endtime="20221119 01:24:53.964"/>
</kw>
<kw name="Clicar no botão Instagram" library="pi3_resources">
<kw name="Title Should Be" library="SeleniumLibrary">
<arg>title=Fernanda Carrijo</arg>
<doc>Verifies that the current page title equals ``title``.</doc>
<msg timestamp="20221119 01:24:53.996" level="INFO">Page title is 'Fernanda Carrijo'.</msg>
<status status="PASS" starttime="20221119 01:24:53.987" endtime="20221119 01:24:53.999"/>
</kw>
<kw name="Click Element" library="SeleniumLibrary">
<arg>locator=(//i[@class='fab fa-instagram fa-stack-1x'])[1]</arg>
<doc>Click the element identified by ``locator``.</doc>
<msg timestamp="20221119 01:24:54.002" level="INFO">Clicking element '(//i[@class='fab fa-instagram fa-stack-1x'])[1]'.</msg>
<status status="PASS" starttime="20221119 01:24:54.000" endtime="20221119 01:24:54.729"/>
</kw>
<kw name="Switch Window" library="SeleniumLibrary">
<arg>url=https://www.instagram.com/fcarrijo.design/</arg>
<doc>Switches to browser window matching ``locator``.</doc>
<status status="PASS" starttime="20221119 01:24:54.729" endtime="20221119 01:24:58.930"/>
</kw>
<kw name="Title Should Be" library="SeleniumLibrary">
<arg>title=FERNANDA CARRIJO (@fcarrijo.design) • Fotos e vídeos do Instagram</arg>
<doc>Verifies that the current page title equals ``title``.</doc>
<msg timestamp="20221119 01:24:59.008" level="INFO">Page title is 'FERNANDA CARRIJO (@fcarrijo.design) • Fotos e vídeos do Instagram'.</msg>
<status status="PASS" starttime="20221119 01:24:58.930" endtime="20221119 01:24:59.008"/>
</kw>
<kw name="Wait Until Element Is Visible" library="SeleniumLibrary">
<arg>locator=//h2[@class='_aacl _aacs _aact _aacx _aada'][contains(.,'fcarrijo.design')]</arg>
<doc>Waits until the element ``locator`` is visible.</doc>
<status status="PASS" starttime="20221119 01:24:59.008" endtime="20221119 01:25:01.408"/>
</kw>
<kw name="Capture Page Screenshot" library="SeleniumLibrary">
<doc>Takes a screenshot of the current page and embeds it into a log file.</doc>
<msg timestamp="20221119 01:25:02.623" level="INFO" html="true">&lt;/td&gt;&lt;/tr&gt;&lt;tr&gt;&lt;td colspan="3"&gt;&lt;a href="selenium-screenshot-7.png"&gt;&lt;img src="selenium-screenshot-7.png" width="800px"&gt;&lt;/a&gt;</msg>
<status status="PASS" starttime="20221119 01:25:01.409" endtime="20221119 01:25:02.624"/>
</kw>
<status status="PASS" starttime="20221119 01:24:53.986" endtime="20221119 01:25:02.624"/>
</kw>
<kw name="Get Selenium Implicit Wait" library="SeleniumLibrary">
<doc>Gets the implicit wait value used by Selenium.</doc>
<status status="PASS" starttime="20221119 01:25:02.680" endtime="20221119 01:25:02.681"/>
</kw>
<kw name="Fechar o navegador" library="pi3_resources" type="TEARDOWN">
<kw name="Capture Page Screenshot" library="SeleniumLibrary">
<doc>Takes a screenshot of the current page and embeds it into a log file.</doc>
<msg timestamp="20221119 01:25:03.206" level="INFO" html="true">&lt;/td&gt;&lt;/tr&gt;&lt;tr&gt;&lt;td colspan="3"&gt;&lt;a href="selenium-screenshot-8.png"&gt;&lt;img src="selenium-screenshot-8.png" width="800px"&gt;&lt;/a&gt;</msg>
<status status="PASS" starttime="20221119 01:25:02.812" endtime="20221119 01:25:03.206"/>
</kw>
<kw name="Close Browser" library="SeleniumLibrary">
<doc>Closes the current browser.</doc>
<status status="PASS" starttime="20221119 01:25:03.207" endtime="20221119 01:25:09.890"/>
</kw>
<status status="PASS" starttime="20221119 01:25:02.801" endtime="20221119 01:25:09.890"/>
</kw>
<doc>Esse teste acessa as redes sociais</doc>
<tag>acessar_sociais_Instagram Botoes</tag>
<status status="PASS" starttime="20221119 01:24:38.732" endtime="20221119 01:25:09.920"/>
</test>
<test id="s1-t8" name="Caso de Teste 08 - Acessar as redes sociais (Linkedin).">
<kw name="Abrir o navegador" library="pi3_resources" type="SETUP">
<kw name="Open Browser" library="SeleniumLibrary">
<arg>browser=chrome</arg>
<doc>Opens a new browser instance to the optional ``url``.</doc>
<msg timestamp="20221119 01:25:09.980" level="INFO">Opening browser 'chrome' to base url 'None'.</msg>
<status status="PASS" starttime="20221119 01:25:09.979" endtime="20221119 01:25:18.909"/>
</kw>
<kw name="Maximize Browser Window" library="SeleniumLibrary">
<doc>Maximizes current browser window.</doc>
<status status="PASS" starttime="20221119 01:25:18.909" endtime="20221119 01:25:19.242"/>
</kw>
<status status="PASS" starttime="20221119 01:25:09.976" endtime="20221119 01:25:19.242"/>
</kw>
<kw name="Acessar a home page do site Fernanda Carrijo Designer" library="pi3_resources">
<kw name="Go To" library="SeleniumLibrary">
<arg>url=${URL}</arg>
<doc>Navigates the current browser window to the provided ``url``.</doc>
<msg timestamp="20221119 01:25:19.252" level="INFO">Opening url 'https://fernanda-carrijo-designer-stg.herokuapp.com/'</msg>
<status status="PASS" starttime="20221119 01:25:19.251" endtime="20221119 01:25:23.731"/>
</kw>
<kw name="Wait Until Element Is Visible" library="SeleniumLibrary">
<arg>locator=${MENU}</arg>
<doc>Waits until the element ``locator`` is visible.</doc>
<status status="PASS" starttime="20221119 01:25:23.732" endtime="20221119 01:25:23.879"/>
</kw>
<status status="PASS" starttime="20221119 01:25:19.242" endtime="20221119 01:25:23.880"/>
</kw>
<kw name="Clicar no botão Linkedin" library="pi3_resources">
<kw name="Title Should Be" library="SeleniumLibrary">
<arg>title=Fernanda Carrijo</arg>
<doc>Verifies that the current page title equals ``title``.</doc>
<msg timestamp="20221119 01:25:23.936" level="INFO">Page title is 'Fernanda Carrijo'.</msg>
<status status="PASS" starttime="20221119 01:25:23.893" endtime="20221119 01:25:23.936"/>
</kw>
<kw name="Click Element" library="SeleniumLibrary">
<arg>locator=(//i[@class='fab fa-linkedin-in fa-stack-1x'])[1]</arg>
<doc>Click the element identified by ``locator``.</doc>
<msg timestamp="20221119 01:25:23.938" level="INFO">Clicking element '(//i[@class='fab fa-linkedin-in fa-stack-1x'])[1]'.</msg>
<status status="PASS" starttime="20221119 01:25:23.937" endtime="20221119 01:25:24.609"/>
</kw>
<kw name="Capture Page Screenshot" library="SeleniumLibrary">
<doc>Takes a screenshot of the current page and embeds it into a log file.</doc>
<msg timestamp="20221119 01:25:25.734" level="INFO" html="true">&lt;/td&gt;&lt;/tr&gt;&lt;tr&gt;&lt;td colspan="3"&gt;&lt;a href="selenium-screenshot-9.png"&gt;&lt;img src="selenium-screenshot-9.png" width="800px"&gt;&lt;/a&gt;</msg>
<status status="PASS" starttime="20221119 01:25:24.611" endtime="20221119 01:25:25.734"/>
</kw>
<status status="PASS" starttime="20221119 01:25:23.893" endtime="20221119 01:25:25.735"/>
</kw>
<kw name="Get Selenium Implicit Wait" library="SeleniumLibrary">
<doc>Gets the implicit wait value used by Selenium.</doc>
<status status="PASS" starttime="20221119 01:25:25.741" endtime="20221119 01:25:25.743"/>
</kw>
<kw name="Fechar o navegador" library="pi3_resources" type="TEARDOWN">
<kw name="Capture Page Screenshot" library="SeleniumLibrary">
<doc>Takes a screenshot of the current page and embeds it into a log file.</doc>
<msg timestamp="20221119 01:25:26.723" level="INFO" html="true">&lt;/td&gt;&lt;/tr&gt;&lt;tr&gt;&lt;td colspan="3"&gt;&lt;a href="selenium-screenshot-10.png"&gt;&lt;img src="selenium-screenshot-10.png" width="800px"&gt;&lt;/a&gt;</msg>
<status status="PASS" starttime="20221119 01:25:25.802" endtime="20221119 01:25:26.723"/>
</kw>
<kw name="Close Browser" library="SeleniumLibrary">
<doc>Closes the current browser.</doc>
<status status="PASS" starttime="20221119 01:25:26.724" endtime="20221119 01:25:33.868"/>
</kw>
<status status="PASS" starttime="20221119 01:25:25.801" endtime="20221119 01:25:33.868"/>
</kw>
<doc>Esse teste acessa as redes sociais</doc>
<tag>acessar_sociais_Linkedin Botoes</tag>
<status status="PASS" starttime="20221119 01:25:09.951" endtime="20221119 01:25:33.868"/>
</test>
<test id="s1-t9" name="Caso de Teste 09 - Testar se no footer tem as informações necessárias">
<kw name="Abrir o navegador" library="pi3_resources" type="SETUP">
<kw name="Open Browser" library="SeleniumLibrary">
<arg>browser=chrome</arg>
<doc>Opens a new browser instance to the optional ``url``.</doc>
<msg timestamp="20221119 01:25:33.889" level="INFO">Opening browser 'chrome' to base url 'None'.</msg>
<status status="PASS" starttime="20221119 01:25:33.887" endtime="20221119 01:25:42.444"/>
</kw>
<kw name="Maximize Browser Window" library="SeleniumLibrary">
<doc>Maximizes current browser window.</doc>
<status status="PASS" starttime="20221119 01:25:42.444" endtime="20221119 01:25:42.878"/>
</kw>
<status status="PASS" starttime="20221119 01:25:33.883" endtime="20221119 01:25:42.879"/>
</kw>
<kw name="Acessar a home page do site Fernanda Carrijo Designer" library="pi3_resources">
<kw name="Go To" library="SeleniumLibrary">
<arg>url=${URL}</arg>
<doc>Navigates the current browser window to the provided ``url``.</doc>
<msg timestamp="20221119 01:25:42.928" level="INFO">Opening url 'https://fernanda-carrijo-designer-stg.herokuapp.com/'</msg>
<status status="PASS" starttime="20221119 01:25:42.928" endtime="20221119 01:25:46.549"/>
</kw>
<kw name="Wait Until Element Is Visible" library="SeleniumLibrary">
<arg>locator=${MENU}</arg>
<doc>Waits until the element ``locator`` is visible.</doc>
<status status="PASS" starttime="20221119 01:25:46.549" endtime="20221119 01:25:46.722"/>
</kw>
<status status="PASS" starttime="20221119 01:25:42.926" endtime="20221119 01:25:46.724"/>
</kw>
<kw name="Verificar se carregou o footer corretamente" library="pi3_resources">
<kw name="Wait Until Element Is Visible" library="SeleniumLibrary">
<arg>locator=//div[@class='footer']</arg>
<doc>Waits until the element ``locator`` is visible.</doc>
<status status="PASS" starttime="20221119 01:25:46.786" endtime="20221119 01:25:46.869"/>
</kw>
<kw name="Capture Element Screenshot" library="SeleniumLibrary">
<arg>locator=//div[@class='footer']</arg>
<doc>Captures a screenshot from the element identified by ``locator`` and embeds it into log file.</doc>
<msg timestamp="20221119 01:25:47.300" level="INFO" html="true">&lt;/td&gt;&lt;/tr&gt;&lt;tr&gt;&lt;td colspan="3"&gt;&lt;a href="selenium-element-screenshot-8.png"&gt;&lt;img src="selenium-element-screenshot-8.png" width="400px"&gt;&lt;/a&gt;</msg>
<status status="PASS" starttime="20221119 01:25:46.870" endtime="20221119 01:25:47.300"/>
</kw>
<status status="PASS" starttime="20221119 01:25:46.770" endtime="20221119 01:25:47.301"/>
</kw>
<kw name="Fechar o navegador" library="pi3_resources" type="TEARDOWN">
<kw name="Capture Page Screenshot" library="SeleniumLibrary">
<doc>Takes a screenshot of the current page and embeds it into a log file.</doc>
<msg timestamp="20221119 01:25:47.766" level="INFO" html="true">&lt;/td&gt;&lt;/tr&gt;&lt;tr&gt;&lt;td colspan="3"&gt;&lt;a href="selenium-screenshot-11.png"&gt;&lt;img src="selenium-screenshot-11.png" width="800px"&gt;&lt;/a&gt;</msg>
<status status="PASS" starttime="20221119 01:25:47.339" endtime="20221119 01:25:47.766"/>
</kw>
<kw name="Close Browser" library="SeleniumLibrary">
<doc>Closes the current browser.</doc>
<status status="PASS" starttime="20221119 01:25:47.767" endtime="20221119 01:25:55.650"/>
</kw>
<status status="PASS" starttime="20221119 01:25:47.338" endtime="20221119 01:25:55.650"/>
</kw>
<doc>Esse teste verfica as informações do footer</doc>
<tag>acessar_footer Footer</tag>
<status status="PASS" starttime="20221119 01:25:33.880" endtime="20221119 01:25:55.669"/>
</test>
<test id="s1-t10" name="Caso de Teste 10 - Testar se o VLibras funciona">
<kw name="Abrir o navegador" library="pi3_resources" type="SETUP">
<kw name="Open Browser" library="SeleniumLibrary">
<arg>browser=chrome</arg>
<doc>Opens a new browser instance to the optional ``url``.</doc>
<msg timestamp="20221119 01:25:55.701" level="INFO">Opening browser 'chrome' to base url 'None'.</msg>
<status status="PASS" starttime="20221119 01:25:55.700" endtime="20221119 01:26:03.972"/>
</kw>
<kw name="Maximize Browser Window" library="SeleniumLibrary">
<doc>Maximizes current browser window.</doc>
<status status="PASS" starttime="20221119 01:26:03.973" endtime="20221119 01:26:04.254"/>
</kw>
<status status="PASS" starttime="20221119 01:25:55.699" endtime="20221119 01:26:04.254"/>
</kw>
<kw name="Acessar a home page do site Fernanda Carrijo Designer" library="pi3_resources">
<kw name="Go To" library="SeleniumLibrary">
<arg>url=${URL}</arg>
<doc>Navigates the current browser window to the provided ``url``.</doc>
<msg timestamp="20221119 01:26:04.281" level="INFO">Opening url 'https://fernanda-carrijo-designer-stg.herokuapp.com/'</msg>
<status status="PASS" starttime="20221119 01:26:04.279" endtime="20221119 01:26:08.145"/>
</kw>
<kw name="Wait Until Element Is Visible" library="SeleniumLibrary">
<arg>locator=${MENU}</arg>
<doc>Waits until the element ``locator`` is visible.</doc>
<status status="PASS" starttime="20221119 01:26:08.146" endtime="20221119 01:26:08.269"/>
</kw>
<status status="PASS" starttime="20221119 01:26:04.270" endtime="20221119 01:26:08.270"/>
</kw>
<kw name="Clicar no botão VLibras" library="pi3_resources">
<kw name="Click Element" library="SeleniumLibrary">
<arg>locator=//img[contains(@class,'access-button')]</arg>
<doc>Click the element identified by ``locator``.</doc>
<msg timestamp="20221119 01:26:08.278" level="INFO">Clicking element '//img[contains(@class,'access-button')]'.</msg>
<status status="PASS" starttime="20221119 01:26:08.276" endtime="20221119 01:26:08.703"/>
</kw>
<kw name="Wait Until Element Is Visible" library="SeleniumLibrary">
<arg>timeout= 200</arg>
<arg>locator=//canvas[contains(@height,'360')]</arg>
<doc>Waits until the element ``locator`` is visible.</doc>
<status status="PASS" starttime="20221119 01:26:08.704" endtime="20221119 01:26:23.981"/>
</kw>
<status status="PASS" starttime="20221119 01:26:08.272" endtime="20221119 01:26:23.983"/>
</kw>
<kw name="Fechar o navegador" library="pi3_resources" type="TEARDOWN">
<kw name="Capture Page Screenshot" library="SeleniumLibrary">
<doc>Takes a screenshot of the current page and embeds it into a log file.</doc>
<msg timestamp="20221119 01:26:25.068" level="INFO" html="true">&lt;/td&gt;&lt;/tr&gt;&lt;tr&gt;&lt;td colspan="3"&gt;&lt;a href="selenium-screenshot-12.png"&gt;&lt;img src="selenium-screenshot-12.png" width="800px"&gt;&lt;/a&gt;</msg>
<status status="PASS" starttime="20221119 01:26:23.990" endtime="20221119 01:26:25.068"/>
</kw>
<kw name="Close Browser" library="SeleniumLibrary">
<doc>Closes the current browser.</doc>
<status status="PASS" starttime="20221119 01:26:25.069" endtime="20221119 01:26:34.791"/>
</kw>
<status status="PASS" starttime="20221119 01:26:23.987" endtime="20221119 01:26:34.791"/>
</kw>
<doc>Esse teste acessa as VLibras</doc>
<tag>acessar_vlibras VLibras</tag>
<status status="PASS" starttime="20221119 01:25:55.683" endtime="20221119 01:26:34.792"/>
</test>
<test id="s1-t11" name="Caso de Teste 11 - Acessar a pagina como Admin">
<kw name="Abrir o navegador" library="pi3_resources" type="SETUP">
<kw name="Open Browser" library="SeleniumLibrary">
<arg>browser=chrome</arg>
<doc>Opens a new browser instance to the optional ``url``.</doc>
<msg timestamp="20221119 01:26:34.799" level="INFO">Opening browser 'chrome' to base url 'None'.</msg>
<status status="PASS" starttime="20221119 01:26:34.798" endtime="20221119 01:26:42.036"/>
</kw>
<kw name="Maximize Browser Window" library="SeleniumLibrary">
<doc>Maximizes current browser window.</doc>
<status status="PASS" starttime="20221119 01:26:42.036" endtime="20221119 01:26:42.412"/>
</kw>
<status status="PASS" starttime="20221119 01:26:34.797" endtime="20221119 01:26:42.412"/>
</kw>
<kw name="Acessar a home page do site como Administrador" library="pi3_resources">
<kw name="Go To" library="SeleniumLibrary">
<arg>url=${URLAdmin}</arg>
<doc>Navigates the current browser window to the provided ``url``.</doc>
<msg timestamp="20221119 01:26:42.427" level="INFO">Opening url 'https://fernanda-carrijo-designer-stg.herokuapp.com/souFernanda'</msg>
<status status="PASS" starttime="20221119 01:26:42.412" endtime="20221119 01:26:45.309"/>
</kw>
<status status="PASS" starttime="20221119 01:26:42.412" endtime="20221119 01:26:45.309"/>
</kw>
<kw name="Digitar e-mail 2007965@aluno.univesp.br no campo e-mail" library="pi3_resources" sourcename="Digitar e-mail ${email} no campo e-mail">
<kw name="Input Text" library="SeleniumLibrary">
<arg>locator=email</arg>
<arg>text=${email}</arg>
<doc>Types the given ``text`` into the text field identified by ``locator``.</doc>
<msg timestamp="20221119 01:26:45.314" level="INFO">Typing text '2007965@aluno.univesp.br' into text field 'email'.</msg>
<status status="PASS" starttime="20221119 01:26:45.313" endtime="20221119 01:26:45.857"/>
</kw>
<status status="PASS" starttime="20221119 01:26:45.311" endtime="20221119 01:26:45.858"/>
</kw>
<kw name="Digitar senha Tn7mD6ENxfgZZNz no campo senha" library="pi3_resources" sourcename="Digitar senha ${senha} no campo senha">
<kw name="Input Text" library="SeleniumLibrary">
<arg>locator=password</arg>
<arg>text=${senha}</arg>
<doc>Types the given ``text`` into the text field identified by ``locator``.</doc>
<msg timestamp="20221119 01:26:45.865" level="INFO">Typing text 'Tn7mD6ENxfgZZNz' into text field 'password'.</msg>
<status status="PASS" starttime="20221119 01:26:45.864" endtime="20221119 01:26:46.273"/>
</kw>
<status status="PASS" starttime="20221119 01:26:45.863" endtime="20221119 01:26:46.273"/>
</kw>
<kw name="Clicar no botão Avançar" library="pi3_resources">
<kw name="Click Element" library="SeleniumLibrary">
<arg>locator=//button[contains(@type,'submit')]</arg>
<doc>Click the element identified by ``locator``.</doc>
<msg timestamp="20221119 01:26:46.276" level="INFO">Clicking element '//button[contains(@type,'submit')]'.</msg>
<status status="PASS" starttime="20221119 01:26:46.275" endtime="20221119 01:26:49.322"/>
</kw>
<kw name="Wait Until Element Is Visible" library="SeleniumLibrary">
<arg>timeout= 200</arg>
<arg>locator=//a[contains(.,'Admin')]</arg>
<doc>Waits until the element ``locator`` is visible.</doc>
<status status="PASS" starttime="20221119 01:26:49.323" endtime="20221119 01:26:49.415"/>
</kw>
<kw name="Capture Element Screenshot" library="SeleniumLibrary">
<arg>locator=//a[contains(.,'Admin')]</arg>
<doc>Captures a screenshot from the element identified by ``locator`` and embeds it into log file.</doc>
<msg timestamp="20221119 01:26:49.747" level="INFO" html="true">&lt;/td&gt;&lt;/tr&gt;&lt;tr&gt;&lt;td colspan="3"&gt;&lt;a href="selenium-element-screenshot-9.png"&gt;&lt;img src="selenium-element-screenshot-9.png" width="400px"&gt;&lt;/a&gt;</msg>
<status status="PASS" starttime="20221119 01:26:49.416" endtime="20221119 01:26:49.747"/>
</kw>
<status status="PASS" starttime="20221119 01:26:46.274" endtime="20221119 01:26:49.747"/>
</kw>
<kw name="Fechar o navegador" library="pi3_resources" type="TEARDOWN">
<kw name="Capture Page Screenshot" library="SeleniumLibrary">
<doc>Takes a screenshot of the current page and embeds it into a log file.</doc>
<msg timestamp="20221119 01:26:50.398" level="INFO" html="true">&lt;/td&gt;&lt;/tr&gt;&lt;tr&gt;&lt;td colspan="3"&gt;&lt;a href="selenium-screenshot-13.png"&gt;&lt;img src="selenium-screenshot-13.png" width="800px"&gt;&lt;/a&gt;</msg>
<status status="PASS" starttime="20221119 01:26:49.790" endtime="20221119 01:26:50.399"/>
</kw>
<kw name="Close Browser" library="SeleniumLibrary">
<doc>Closes the current browser.</doc>
<status status="PASS" starttime="20221119 01:26:50.399" endtime="20221119 01:26:56.878"/>
</kw>
<status status="PASS" starttime="20221119 01:26:49.788" endtime="20221119 01:26:56.878"/>
</kw>
<doc>Esse teste acessa a pagina como administrador</doc>
<tag>acessar_admin Administrador</tag>
<status status="PASS" starttime="20221119 01:26:34.795" endtime="20221119 01:26:56.878"/>
</test>
<status status="PASS" starttime="20221119 01:22:19.911" endtime="20221119 01:26:56.884"/>
</suite>
<statistics>
<total>
<stat pass="11" fail="0" skip="0">All Tests</stat>
</total>
<tag>
<stat pass="1" fail="0" skip="0">acessar_admin Administrador</stat>
<stat pass="1" fail="0" skip="0">acessar_blog Botoes</stat>
<stat pass="1" fail="0" skip="0">acessar_botoes Botoes</stat>
<stat pass="1" fail="0" skip="0">acessar_footer Footer</stat>
<stat pass="1" fail="0" skip="0">acessar_home Botoes</stat>
<stat pass="1" fail="0" skip="0">acessar_menu Botoes</stat>
<stat pass="1" fail="0" skip="0">acessar_portfolio Botoes</stat>
<stat pass="1" fail="0" skip="0">acessar_sociais_Instagram Botoes</stat>
<stat pass="1" fail="0" skip="0">acessar_sociais_Linkedin Botoes</stat>
<stat pass="1" fail="0" skip="0">acessar_vlibras VLibras</stat>
<stat pass="1" fail="0" skip="0">menus pagina</stat>
</tag>
<suite>
<stat pass="11" fail="0" skip="0" id="s1" name="Pi3 Testes">Pi3 Testes</stat>
</suite>
</statistics>
<errors>
</errors>
</robot>
